Построение начато 07.07.2017 12:37:24.
     1>Проект "D:\My_folder\Bezuglyy\test\test\test.vcxproj" в узле 2 (целевые объекты build).
     1>InitializeBuildStatus:
         Обращение к "Debug\test.unsuccessfulbuild".
       ClCompile:
         C:\Program Files (x86)\Microsoft Visual Studio 10.0\VC\bin\CL.exe /c /ZI /nologo /W3 /WX- /Od /Oy- /D WIN32 /D _DEBUG /D _CONSOLE /D _UNICODE /D UNICODE /Gm /EHsc /RTC1 /MDd /GS /fp:precise /Zc:wchar_t /Zc:forScope /Fo"Debug\\" /Fd"Debug\vc100.pdb" /Gd /TP /analyze- /errorReport:prompt test.cpp
         test.cpp
     1>d:\my_folder\bezuglyy\test\test\test.cpp(11): error C2061: синтаксическая ошибка: идентификатор "Visitor"
     1>d:\my_folder\bezuglyy\test\test\test.cpp(22): error C2061: синтаксическая ошибка: идентификатор "Visitor"
     1>d:\my_folder\bezuglyy\test\test\test.cpp(63): error C2061: синтаксическая ошибка: идентификатор "Visitor"
     1>Построение проекта "D:\My_folder\Bezuglyy\test\test\test.vcxproj" завершено (целевые объекты build) с ошибкой.

СБОЙ построения.

Затраченное время: 00:00:00.53
